Duplicated file found; will not be sent for synthesis: c:/DSD_Streamline_try/dsd_mlp.srcs/sources_1/bd/design_1/ipshared/1ddd/hdl/verilog/sc_util_v1_0_4_constants.vh
Duplicated file found; will not be sent for synthesis: c:/DSD_Streamline_try/dsd_mlp.srcs/sources_1/bd/design_1/ipshared/1ddd/hdl/verilog/sc_util_v1_0_4_structs.svh
Duplicated file found; will not be sent for synthesis: c:/DSD_Streamline_try/dsd_mlp.srcs/sources_1/bd/design_1/ipshared/1ddd/hdl/sc_util_v1_0_vl_rfs.sv
Duplicated file found; will not be sent for synthesis: c:/DSD_Streamline_try/dsd_mlp.srcs/sources_1/bd/design_1/ipshared/1ddd/hdl/verilog/sc_util_v1_0_4_constants.vh
Duplicated file found; will not be sent for synthesis: c:/DSD_Streamline_try/dsd_mlp.srcs/sources_1/bd/design_1/ipshared/1ddd/hdl/verilog/sc_util_v1_0_4_structs.svh
Duplicated file found; will not be sent for synthesis: c:/DSD_Streamline_try/dsd_mlp.srcs/sources_1/bd/design_1/ipshared/1ddd/hdl/sc_util_v1_0_vl_rfs.sv
Duplicated file found; will not be sent for synthesis: c:/DSD_Streamline_try/dsd_mlp.srcs/sources_1/bd/design_1/ipshared/1ddd/hdl/verilog/sc_util_v1_0_4_constants.vh
Duplicated file found; will not be sent for synthesis: c:/DSD_Streamline_try/dsd_mlp.srcs/sources_1/bd/design_1/ipshared/1ddd/hdl/verilog/sc_util_v1_0_4_structs.svh
Duplicated file found; will not be sent for synthesis: c:/DSD_Streamline_try/dsd_mlp.srcs/sources_1/bd/design_1/ipshared/1ddd/hdl/sc_util_v1_0_vl_rfs.sv
Duplicated file found; will not be sent for synthesis: c:/DSD_Streamline_try/dsd_mlp.srcs/sources_1/bd/design_1/ipshared/1ddd/hdl/verilog/sc_util_v1_0_4_constants.vh
Duplicated file found; will not be sent for synthesis: c:/DSD_Streamline_try/dsd_mlp.srcs/sources_1/bd/design_1/ipshared/1ddd/hdl/verilog/sc_util_v1_0_4_structs.svh
Duplicated file found; will not be sent for synthesis: c:/DSD_Streamline_try/dsd_mlp.srcs/sources_1/bd/design_1/ipshared/1ddd/hdl/sc_util_v1_0_vl_rfs.sv
Duplicated file found; will not be sent for synthesis: c:/DSD_Streamline_try/dsd_mlp.srcs/sources_1/bd/design_1/ipshared/1ddd/hdl/verilog/sc_util_v1_0_4_constants.vh
Duplicated file found; will not be sent for synthesis: c:/DSD_Streamline_try/dsd_mlp.srcs/sources_1/bd/design_1/ipshared/1ddd/hdl/verilog/sc_util_v1_0_4_structs.svh
Duplicated file found; will not be sent for synthesis: c:/DSD_Streamline_try/dsd_mlp.srcs/sources_1/bd/design_1/ipshared/1ddd/hdl/sc_util_v1_0_vl_rfs.sv
Duplicated file found; will not be sent for synthesis: c:/DSD_Streamline_try/dsd_mlp.srcs/sources_1/bd/design_1/ipshared/b2d0/hdl/verilog/sc_node_v1_0_10_t_reqsend.svh
Duplicated file found; will not be sent for synthesis: c:/DSD_Streamline_try/dsd_mlp.srcs/sources_1/bd/design_1/ipshared/b2d0/hdl/sc_node_v1_0_vl_rfs.sv
Duplicated file found; will not be sent for synthesis: c:/DSD_Streamline_try/dsd_mlp.srcs/sources_1/bd/design_1/ipshared/1ddd/hdl/verilog/sc_util_v1_0_4_constants.vh
Duplicated file found; will not be sent for synthesis: c:/DSD_Streamline_try/dsd_mlp.srcs/sources_1/bd/design_1/ipshared/1ddd/hdl/verilog/sc_util_v1_0_4_structs.svh
Duplicated file found; will not be sent for synthesis: c:/DSD_Streamline_try/dsd_mlp.srcs/sources_1/bd/design_1/ipshared/1ddd/hdl/sc_util_v1_0_vl_rfs.sv
Duplicated file found; will not be sent for synthesis: c:/DSD_Streamline_try/dsd_mlp.srcs/sources_1/bd/design_1/ipshared/b2d0/hdl/verilog/sc_node_v1_0_10_t_reqsend.svh
Duplicated file found; will not be sent for synthesis: c:/DSD_Streamline_try/dsd_mlp.srcs/sources_1/bd/design_1/ipshared/b2d0/hdl/sc_node_v1_0_vl_rfs.sv
Duplicated file found; will not be sent for synthesis: c:/DSD_Streamline_try/dsd_mlp.srcs/sources_1/bd/design_1/ipshared/1ddd/hdl/verilog/sc_util_v1_0_4_constants.vh
Duplicated file found; will not be sent for synthesis: c:/DSD_Streamline_try/dsd_mlp.srcs/sources_1/bd/design_1/ipshared/1ddd/hdl/verilog/sc_util_v1_0_4_structs.svh
Duplicated file found; will not be sent for synthesis: c:/DSD_Streamline_try/dsd_mlp.srcs/sources_1/bd/design_1/ipshared/1ddd/hdl/sc_util_v1_0_vl_rfs.sv
Duplicated file found; will not be sent for synthesis: c:/DSD_Streamline_try/dsd_mlp.srcs/sources_1/bd/design_1/ipshared/b2d0/hdl/verilog/sc_node_v1_0_10_t_reqsend.svh
Duplicated file found; will not be sent for synthesis: c:/DSD_Streamline_try/dsd_mlp.srcs/sources_1/bd/design_1/ipshared/b2d0/hdl/sc_node_v1_0_vl_rfs.sv
Duplicated file found; will not be sent for synthesis: c:/DSD_Streamline_try/dsd_mlp.srcs/sources_1/bd/design_1/ipshared/1ddd/hdl/verilog/sc_util_v1_0_4_constants.vh
Duplicated file found; will not be sent for synthesis: c:/DSD_Streamline_try/dsd_mlp.srcs/sources_1/bd/design_1/ipshared/1ddd/hdl/verilog/sc_util_v1_0_4_structs.svh
Duplicated file found; will not be sent for synthesis: c:/DSD_Streamline_try/dsd_mlp.srcs/sources_1/bd/design_1/ipshared/1ddd/hdl/sc_util_v1_0_vl_rfs.sv
Duplicated file found; will not be sent for synthesis: c:/DSD_Streamline_try/dsd_mlp.srcs/sources_1/bd/design_1/ipshared/b2d0/hdl/verilog/sc_node_v1_0_10_t_reqsend.svh
Duplicated file found; will not be sent for synthesis: c:/DSD_Streamline_try/dsd_mlp.srcs/sources_1/bd/design_1/ipshared/b2d0/hdl/sc_node_v1_0_vl_rfs.sv
Duplicated file found; will not be sent for synthesis: c:/DSD_Streamline_try/dsd_mlp.srcs/sources_1/bd/design_1/ipshared/1ddd/hdl/verilog/sc_util_v1_0_4_constants.vh
Duplicated file found; will not be sent for synthesis: c:/DSD_Streamline_try/dsd_mlp.srcs/sources_1/bd/design_1/ipshared/1ddd/hdl/verilog/sc_util_v1_0_4_structs.svh
Duplicated file found; will not be sent for synthesis: c:/DSD_Streamline_try/dsd_mlp.srcs/sources_1/bd/design_1/ipshared/1ddd/hdl/sc_util_v1_0_vl_rfs.sv
Duplicated file found; will not be sent for synthesis: c:/DSD_Streamline_try/dsd_mlp.srcs/sources_1/bd/design_1/ipshared/1ddd/hdl/verilog/sc_util_v1_0_4_constants.vh
Duplicated file found; will not be sent for synthesis: c:/DSD_Streamline_try/dsd_mlp.srcs/sources_1/bd/design_1/ipshared/1ddd/hdl/verilog/sc_util_v1_0_4_structs.svh
Duplicated file found; will not be sent for synthesis: c:/DSD_Streamline_try/dsd_mlp.srcs/sources_1/bd/design_1/ipshared/1ddd/hdl/sc_util_v1_0_vl_rfs.sv
CRC performance measure: elapsed=00:00:00.007s;;memory_peak=4267.414MB;;memory_gain=0.000MB
