18:09:17 INFO  : Registering command handlers for SDK TCF services
18:09:18 INFO  : Launching XSCT server: xsct.bat -interactive C:\DSD_Streamline_try\dsd_mlp.sdk\temp_xsdb_launch_script.tcl
18:09:20 INFO  : XSCT server has started successfully.
18:09:20 INFO  : Successfully done setting XSCT server connection channel  
18:09:20 INFO  : Successfully done setting SDK workspace  
18:09:20 INFO  : Processing command line option -hwspec C:/DSD_Streamline_try/dsd_mlp.sdk/design_1_wrapper.hdf.
18:11:02 INFO  : Connected to target on host '127.0.0.1' and port '3121'.
18:11:02 INFO  : Jtag cable 'Digilent Zybo Z7 210351AD6AF1A' is selected.
18:11:02 INFO  : 'jtag frequency' command is executed.
18:11:02 INFO  : Sourcing of 'C:/DSD_Streamline_try/dsd_mlp.sdk/design_1_wrapper_hw_platform_0/ps7_init.tcl' is done.
18:11:02 INFO  : Context for 'APU' is selected.
18:11:02 INFO  : System reset is completed.
18:11:05 INFO  : 'after 3000' command is executed.
18:11:05 INFO  : 'targets -set -filter {jtag_cable_name =~ "Digilent Zybo Z7 210351AD6AF1A" && level==0} -index 1' command is executed.
18:11:08 INFO  : FPGA configured successfully with bitstream "C:/DSD_Streamline_try/dsd_mlp.sdk/design_1_wrapper_hw_platform_0/design_1_wrapper.bit"
18:11:08 INFO  : Context for 'APU' is selected.
18:11:08 INFO  : Hardware design information is loaded from 'C:/DSD_Streamline_try/dsd_mlp.sdk/design_1_wrapper_hw_platform_0/system.hdf'.
18:11:08 INFO  : 'configparams force-mem-access 1' command is executed.
18:11:08 INFO  : Context for 'APU' is selected.
18:11:08 INFO  : 'ps7_init' command is executed.
18:11:08 INFO  : 'ps7_post_config' command is executed.
18:11:08 INFO  : Context for processor 'ps7_cortexa9_0' is selected.
18:11:08 INFO  : The application 'C:/DSD_Streamline_try/dsd_mlp.sdk/dsd_mlp/Debug/dsd_mlp.elf' is downloaded to processor 'ps7_cortexa9_0'.
18:11:08 INFO  : 'configparams force-mem-access 0' command is executed.
18:11:08 INFO  : ----------------XSDB Script----------------
connect -url tcp:127.0.0.1:3121
source C:/DSD_Streamline_try/dsd_mlp.sdk/design_1_wrapper_hw_platform_0/ps7_init.tcl
targets -set -nocase -filter {name =~"APU*" && jtag_cable_name =~ "Digilent Zybo Z7 210351AD6AF1A"} -index 0
rst -system
after 3000
targets -set -filter {jtag_cable_name =~ "Digilent Zybo Z7 210351AD6AF1A" && level==0} -index 1
fpga -file C:/DSD_Streamline_try/dsd_mlp.sdk/design_1_wrapper_hw_platform_0/design_1_wrapper.bit
targets -set -nocase -filter {name =~"APU*" && jtag_cable_name =~ "Digilent Zybo Z7 210351AD6AF1A"} -index 0
loadhw -hw C:/DSD_Streamline_try/dsd_mlp.sdk/design_1_wrapper_hw_platform_0/system.hdf -mem-ranges [list {0x40000000 0xbfffffff}]
configparams force-mem-access 1
targets -set -nocase -filter {name =~"APU*" && jtag_cable_name =~ "Digilent Zybo Z7 210351AD6AF1A"} -index 0
ps7_init
ps7_post_config
targets -set -nocase -filter {name =~ "ARM*#0" && jtag_cable_name =~ "Digilent Zybo Z7 210351AD6AF1A"} -index 0
dow C:/DSD_Streamline_try/dsd_mlp.sdk/dsd_mlp/Debug/dsd_mlp.elf
configparams force-mem-access 0
----------------End of Script----------------

18:11:08 INFO  : Context for processor 'ps7_cortexa9_0' is selected.
18:11:08 INFO  : 'con' command is executed.
18:11:08 INFO  : ----------------XSDB Script (After Launch)----------------
targets -set -nocase -filter {name =~ "ARM*#0" && jtag_cable_name =~ "Digilent Zybo Z7 210351AD6AF1A"} -index 0
con
----------------End of Script----------------

18:11:08 INFO  : Disconnected from the channel tcfchan#1.
18:16:41 INFO  : Connected to target on host '127.0.0.1' and port '3121'.
18:16:42 INFO  : Jtag cable 'Digilent Zybo Z7 210351AD6AF1A' is selected.
18:16:42 INFO  : 'jtag frequency' command is executed.
18:16:42 INFO  : Sourcing of 'C:/DSD_Streamline_try/dsd_mlp.sdk/design_1_wrapper_hw_platform_0/ps7_init.tcl' is done.
18:16:42 INFO  : Context for 'APU' is selected.
18:16:42 INFO  : System reset is completed.
18:16:45 INFO  : 'after 3000' command is executed.
18:16:45 INFO  : 'targets -set -filter {jtag_cable_name =~ "Digilent Zybo Z7 210351AD6AF1A" && level==0} -index 1' command is executed.
18:16:47 INFO  : FPGA configured successfully with bitstream "C:/DSD_Streamline_try/dsd_mlp.sdk/design_1_wrapper_hw_platform_0/design_1_wrapper.bit"
18:16:47 INFO  : Context for 'APU' is selected.
18:16:47 INFO  : Hardware design information is loaded from 'C:/DSD_Streamline_try/dsd_mlp.sdk/design_1_wrapper_hw_platform_0/system.hdf'.
18:16:47 INFO  : 'configparams force-mem-access 1' command is executed.
18:16:47 INFO  : Context for 'APU' is selected.
18:16:48 INFO  : 'ps7_init' command is executed.
18:16:48 INFO  : 'ps7_post_config' command is executed.
18:16:48 INFO  : Context for processor 'ps7_cortexa9_0' is selected.
18:16:48 INFO  : The application 'C:/DSD_Streamline_try/dsd_mlp.sdk/dsd_mlp/Debug/dsd_mlp.elf' is downloaded to processor 'ps7_cortexa9_0'.
18:16:48 INFO  : 'configparams force-mem-access 0' command is executed.
18:16:48 INFO  : ----------------XSDB Script----------------
connect -url tcp:127.0.0.1:3121
source C:/DSD_Streamline_try/dsd_mlp.sdk/design_1_wrapper_hw_platform_0/ps7_init.tcl
targets -set -nocase -filter {name =~"APU*" && jtag_cable_name =~ "Digilent Zybo Z7 210351AD6AF1A"} -index 0
rst -system
after 3000
targets -set -filter {jtag_cable_name =~ "Digilent Zybo Z7 210351AD6AF1A" && level==0} -index 1
fpga -file C:/DSD_Streamline_try/dsd_mlp.sdk/design_1_wrapper_hw_platform_0/design_1_wrapper.bit
targets -set -nocase -filter {name =~"APU*" && jtag_cable_name =~ "Digilent Zybo Z7 210351AD6AF1A"} -index 0
loadhw -hw C:/DSD_Streamline_try/dsd_mlp.sdk/design_1_wrapper_hw_platform_0/system.hdf -mem-ranges [list {0x40000000 0xbfffffff}]
configparams force-mem-access 1
targets -set -nocase -filter {name =~"APU*" && jtag_cable_name =~ "Digilent Zybo Z7 210351AD6AF1A"} -index 0
ps7_init
ps7_post_config
targets -set -nocase -filter {name =~ "ARM*#0" && jtag_cable_name =~ "Digilent Zybo Z7 210351AD6AF1A"} -index 0
dow C:/DSD_Streamline_try/dsd_mlp.sdk/dsd_mlp/Debug/dsd_mlp.elf
configparams force-mem-access 0
----------------End of Script----------------

18:16:48 INFO  : Context for processor 'ps7_cortexa9_0' is selected.
18:16:48 INFO  : 'con' command is executed.
18:16:48 INFO  : ----------------XSDB Script (After Launch)----------------
targets -set -nocase -filter {name =~ "ARM*#0" && jtag_cable_name =~ "Digilent Zybo Z7 210351AD6AF1A"} -index 0
con
----------------End of Script----------------

18:16:48 INFO  : Disconnected from the channel tcfchan#2.
18:20:14 INFO  : Connected to target on host '127.0.0.1' and port '3121'.
18:20:14 INFO  : Jtag cable 'Digilent Zybo Z7 210351AD6AF1A' is selected.
18:20:14 INFO  : 'jtag frequency' command is executed.
18:20:14 INFO  : Sourcing of 'C:/DSD_Streamline_try/dsd_mlp.sdk/design_1_wrapper_hw_platform_0/ps7_init.tcl' is done.
18:20:14 INFO  : Context for 'APU' is selected.
18:20:14 INFO  : System reset is completed.
18:20:17 INFO  : 'after 3000' command is executed.
18:20:17 INFO  : 'targets -set -filter {jtag_cable_name =~ "Digilent Zybo Z7 210351AD6AF1A" && level==0} -index 1' command is executed.
18:20:20 INFO  : FPGA configured successfully with bitstream "C:/DSD_Streamline_try/dsd_mlp.sdk/design_1_wrapper_hw_platform_0/design_1_wrapper.bit"
18:20:20 INFO  : Context for 'APU' is selected.
18:20:21 INFO  : Hardware design information is loaded from 'C:/DSD_Streamline_try/dsd_mlp.sdk/design_1_wrapper_hw_platform_0/system.hdf'.
18:20:21 INFO  : 'configparams force-mem-access 1' command is executed.
18:20:21 INFO  : Context for 'APU' is selected.
18:20:21 INFO  : 'ps7_init' command is executed.
18:20:21 INFO  : 'ps7_post_config' command is executed.
18:20:21 INFO  : Context for processor 'ps7_cortexa9_0' is selected.
18:20:21 INFO  : The application 'C:/DSD_Streamline_try/dsd_mlp.sdk/dsd_mlp/Debug/dsd_mlp.elf' is downloaded to processor 'ps7_cortexa9_0'.
18:20:21 INFO  : 'configparams force-mem-access 0' command is executed.
18:20:21 INFO  : ----------------XSDB Script----------------
connect -url tcp:127.0.0.1:3121
source C:/DSD_Streamline_try/dsd_mlp.sdk/design_1_wrapper_hw_platform_0/ps7_init.tcl
targets -set -nocase -filter {name =~"APU*" && jtag_cable_name =~ "Digilent Zybo Z7 210351AD6AF1A"} -index 0
rst -system
after 3000
targets -set -filter {jtag_cable_name =~ "Digilent Zybo Z7 210351AD6AF1A" && level==0} -index 1
fpga -file C:/DSD_Streamline_try/dsd_mlp.sdk/design_1_wrapper_hw_platform_0/design_1_wrapper.bit
targets -set -nocase -filter {name =~"APU*" && jtag_cable_name =~ "Digilent Zybo Z7 210351AD6AF1A"} -index 0
loadhw -hw C:/DSD_Streamline_try/dsd_mlp.sdk/design_1_wrapper_hw_platform_0/system.hdf -mem-ranges [list {0x40000000 0xbfffffff}]
configparams force-mem-access 1
targets -set -nocase -filter {name =~"APU*" && jtag_cable_name =~ "Digilent Zybo Z7 210351AD6AF1A"} -index 0
ps7_init
ps7_post_config
targets -set -nocase -filter {name =~ "ARM*#0" && jtag_cable_name =~ "Digilent Zybo Z7 210351AD6AF1A"} -index 0
dow C:/DSD_Streamline_try/dsd_mlp.sdk/dsd_mlp/Debug/dsd_mlp.elf
configparams force-mem-access 0
----------------End of Script----------------

18:20:21 INFO  : Context for processor 'ps7_cortexa9_0' is selected.
18:20:22 INFO  : 'con' command is executed.
18:20:22 INFO  : ----------------XSDB Script (After Launch)----------------
targets -set -nocase -filter {name =~ "ARM*#0" && jtag_cable_name =~ "Digilent Zybo Z7 210351AD6AF1A"} -index 0
con
----------------End of Script----------------

18:20:22 INFO  : Disconnected from the channel tcfchan#3.
18:22:12 INFO  : Registering command handlers for SDK TCF services
18:22:12 INFO  : Launching XSCT server: xsct.bat -interactive C:\DSD_Streamline_try\dsd_mlp.sdk\temp_xsdb_launch_script.tcl
18:22:14 INFO  : XSCT server has started successfully.
18:22:14 INFO  : Successfully done setting XSCT server connection channel  
18:22:14 INFO  : Successfully done setting SDK workspace  
18:22:14 INFO  : Processing command line option -hwspec C:/DSD_Streamline_try/dsd_mlp.sdk/design_1_wrapper.hdf.
18:22:14 INFO  : Checking for hwspec changes in the project design_1_wrapper_hw_platform_0.
18:33:02 INFO  : Connected to target on host '127.0.0.1' and port '3121'.
18:33:02 INFO  : Jtag cable 'Digilent Zybo Z7 210351AD6AF1A' is selected.
18:33:02 INFO  : 'jtag frequency' command is executed.
18:33:02 INFO  : Sourcing of 'C:/DSD_Streamline_try/dsd_mlp.sdk/design_1_wrapper_hw_platform_0/ps7_init.tcl' is done.
18:33:02 INFO  : Context for 'APU' is selected.
18:33:03 INFO  : System reset is completed.
18:33:06 INFO  : 'after 3000' command is executed.
18:33:06 INFO  : 'targets -set -filter {jtag_cable_name =~ "Digilent Zybo Z7 210351AD6AF1A" && level==0} -index 1' command is executed.
18:33:08 INFO  : FPGA configured successfully with bitstream "C:/DSD_Streamline_try/dsd_mlp.sdk/design_1_wrapper_hw_platform_0/design_1_wrapper.bit"
18:33:08 INFO  : Context for 'APU' is selected.
18:33:08 INFO  : Hardware design information is loaded from 'C:/DSD_Streamline_try/dsd_mlp.sdk/design_1_wrapper_hw_platform_0/system.hdf'.
18:33:08 INFO  : 'configparams force-mem-access 1' command is executed.
18:33:08 INFO  : Context for 'APU' is selected.
18:33:08 INFO  : 'ps7_init' command is executed.
18:33:08 INFO  : 'ps7_post_config' command is executed.
18:33:08 INFO  : Context for processor 'ps7_cortexa9_0' is selected.
18:33:09 INFO  : The application 'C:/DSD_Streamline_try/dsd_mlp.sdk/dsd_mlp/Debug/dsd_mlp.elf' is downloaded to processor 'ps7_cortexa9_0'.
18:33:09 INFO  : 'configparams force-mem-access 0' command is executed.
18:33:09 INFO  : ----------------XSDB Script----------------
connect -url tcp:127.0.0.1:3121
source C:/DSD_Streamline_try/dsd_mlp.sdk/design_1_wrapper_hw_platform_0/ps7_init.tcl
targets -set -nocase -filter {name =~"APU*" && jtag_cable_name =~ "Digilent Zybo Z7 210351AD6AF1A"} -index 0
rst -system
after 3000
targets -set -filter {jtag_cable_name =~ "Digilent Zybo Z7 210351AD6AF1A" && level==0} -index 1
fpga -file C:/DSD_Streamline_try/dsd_mlp.sdk/design_1_wrapper_hw_platform_0/design_1_wrapper.bit
targets -set -nocase -filter {name =~"APU*" && jtag_cable_name =~ "Digilent Zybo Z7 210351AD6AF1A"} -index 0
loadhw -hw C:/DSD_Streamline_try/dsd_mlp.sdk/design_1_wrapper_hw_platform_0/system.hdf -mem-ranges [list {0x40000000 0xbfffffff}]
configparams force-mem-access 1
targets -set -nocase -filter {name =~"APU*" && jtag_cable_name =~ "Digilent Zybo Z7 210351AD6AF1A"} -index 0
ps7_init
ps7_post_config
targets -set -nocase -filter {name =~ "ARM*#0" && jtag_cable_name =~ "Digilent Zybo Z7 210351AD6AF1A"} -index 0
dow C:/DSD_Streamline_try/dsd_mlp.sdk/dsd_mlp/Debug/dsd_mlp.elf
configparams force-mem-access 0
----------------End of Script----------------

18:33:09 INFO  : Context for processor 'ps7_cortexa9_0' is selected.
18:33:09 INFO  : 'con' command is executed.
18:33:09 INFO  : ----------------XSDB Script (After Launch)----------------
targets -set -nocase -filter {name =~ "ARM*#0" && jtag_cable_name =~ "Digilent Zybo Z7 210351AD6AF1A"} -index 0
con
----------------End of Script----------------

18:33:09 INFO  : Disconnected from the channel tcfchan#1.
18:53:44 INFO  : Registering command handlers for SDK TCF services
18:53:45 INFO  : Launching XSCT server: xsct.bat -interactive C:\DSD_Streamline_try\dsd_mlp.sdk\temp_xsdb_launch_script.tcl
18:53:47 INFO  : XSCT server has started successfully.
18:53:47 INFO  : Successfully done setting XSCT server connection channel  
18:53:47 INFO  : Successfully done setting SDK workspace  
18:53:47 INFO  : Processing command line option -hwspec C:/DSD_Streamline_try/dsd_mlp.sdk/design_1_wrapper.hdf.
18:53:47 INFO  : Checking for hwspec changes in the project design_1_wrapper_hw_platform_0.
18:53:50 INFO  : SDK has detected change in the last modified timestamps for source hardware specification file Source:1721814760376,  Project:1721811630675
18:53:50 INFO  : The hardware specification for project 'design_1_wrapper_hw_platform_0' is different from C:/DSD_Streamline_try/dsd_mlp.sdk/design_1_wrapper.hdf.
18:53:50 INFO  : Copied contents of C:/DSD_Streamline_try/dsd_mlp.sdk/design_1_wrapper.hdf into \design_1_wrapper_hw_platform_0\system.hdf.
18:53:52 INFO  : Synchronizing projects in the workspace with the hardware platform specification changes.
18:53:54 INFO  : 
18:53:55 INFO  : Updating hardware inferred compiler options for dsd_mlp.
18:53:55 INFO  : Clearing existing target manager status.
18:56:07 INFO  : Connected to target on host '127.0.0.1' and port '3121'.
18:56:07 INFO  : Jtag cable 'Digilent Zybo Z7 210351AD6AF1A' is selected.
18:56:07 INFO  : 'jtag frequency' command is executed.
18:56:07 INFO  : Sourcing of 'C:/DSD_Streamline_try/dsd_mlp.sdk/design_1_wrapper_hw_platform_0/ps7_init.tcl' is done.
18:56:07 INFO  : Context for 'APU' is selected.
18:56:07 INFO  : System reset is completed.
18:56:10 INFO  : 'after 3000' command is executed.
18:56:10 INFO  : 'targets -set -filter {jtag_cable_name =~ "Digilent Zybo Z7 210351AD6AF1A" && level==0} -index 1' command is executed.
18:56:13 INFO  : FPGA configured successfully with bitstream "C:/DSD_Streamline_try/dsd_mlp.sdk/design_1_wrapper_hw_platform_0/design_1_wrapper.bit"
18:56:13 INFO  : Context for 'APU' is selected.
18:56:13 INFO  : Hardware design information is loaded from 'C:/DSD_Streamline_try/dsd_mlp.sdk/design_1_wrapper_hw_platform_0/system.hdf'.
18:56:13 INFO  : 'configparams force-mem-access 1' command is executed.
18:56:13 INFO  : Context for 'APU' is selected.
18:56:13 INFO  : 'ps7_init' command is executed.
18:56:13 INFO  : 'ps7_post_config' command is executed.
18:56:13 INFO  : Context for processor 'ps7_cortexa9_0' is selected.
18:56:13 INFO  : The application 'C:/DSD_Streamline_try/dsd_mlp.sdk/dsd_mlp/Debug/dsd_mlp.elf' is downloaded to processor 'ps7_cortexa9_0'.
18:56:13 INFO  : 'configparams force-mem-access 0' command is executed.
18:56:13 INFO  : ----------------XSDB Script----------------
connect -url tcp:127.0.0.1:3121
source C:/DSD_Streamline_try/dsd_mlp.sdk/design_1_wrapper_hw_platform_0/ps7_init.tcl
targets -set -nocase -filter {name =~"APU*" && jtag_cable_name =~ "Digilent Zybo Z7 210351AD6AF1A"} -index 0
rst -system
after 3000
targets -set -filter {jtag_cable_name =~ "Digilent Zybo Z7 210351AD6AF1A" && level==0} -index 1
fpga -file C:/DSD_Streamline_try/dsd_mlp.sdk/design_1_wrapper_hw_platform_0/design_1_wrapper.bit
targets -set -nocase -filter {name =~"APU*" && jtag_cable_name =~ "Digilent Zybo Z7 210351AD6AF1A"} -index 0
loadhw -hw C:/DSD_Streamline_try/dsd_mlp.sdk/design_1_wrapper_hw_platform_0/system.hdf -mem-ranges [list {0x40000000 0xbfffffff}]
configparams force-mem-access 1
targets -set -nocase -filter {name =~"APU*" && jtag_cable_name =~ "Digilent Zybo Z7 210351AD6AF1A"} -index 0
ps7_init
ps7_post_config
targets -set -nocase -filter {name =~ "ARM*#0" && jtag_cable_name =~ "Digilent Zybo Z7 210351AD6AF1A"} -index 0
dow C:/DSD_Streamline_try/dsd_mlp.sdk/dsd_mlp/Debug/dsd_mlp.elf
configparams force-mem-access 0
----------------End of Script----------------

18:56:14 INFO  : Context for processor 'ps7_cortexa9_0' is selected.
18:56:14 INFO  : 'con' command is executed.
18:56:14 INFO  : ----------------XSDB Script (After Launch)----------------
targets -set -nocase -filter {name =~ "ARM*#0" && jtag_cable_name =~ "Digilent Zybo Z7 210351AD6AF1A"} -index 0
con
----------------End of Script----------------

18:56:14 INFO  : Disconnected from the channel tcfchan#1.
